#
# There is insufficient memory for the Java Runtime Environment to continue.
# Native memory allocation (malloc) failed to allocate 637296 bytes for Chunk::new
# Possible reasons:
#   The system is out of physical RAM or swap space
#   The process is running with CompressedOops enabled, and the Java Heap may be blocking the growth of the native heap
# Possible solutions:
#   Reduce memory load on the system
#   Increase physical memory or swap space
#   Check if swap backing store is full
#   Decrease Java heap size (-Xmx/-Xms)
#   Decrease number of Java threads
#   Decrease Java thread stack sizes (-Xss)
#   Set larger code cache with -XX:ReservedCodeCacheSize=
#   JVM is running with Unscaled Compressed Oops mode in which the Java heap is
#     placed in the first 4GB address space. The Java Heap base address is the
#     maximum limit for the native heap growth. Please use -XX:HeapBaseMinAddress
#     to set the Java Heap base and to place the Java Heap above 4GB virtual address.
# This output file may be truncated or incomplete.
#
#  Out of Memory Error (arena.cpp:189), pid=2552, tid=15704
#
# JRE version: Java(TM) SE Runtime Environment (17.0.10+11) (build 17.0.10+11-LTS-240)
# Java VM: Java HotSpot(TM) 64-Bit Server VM (17.0.10+11-LTS-240, mixed mode, sharing, tiered, compressed oops, compressed class ptrs, g1 gc, windows-amd64)
# No core dump will be written. Minidumps are not enabled by default on client versions of Windows
#

---------------  S U M M A R Y ------------

Command Line: -Dclassworlds.conf=C:\Users\caio61\OneDrive\Documentos\apache-maven-3.9.7\bin\m2.conf -Dmaven.home=C:\Users\caio61\OneDrive\Documentos\apache-maven-3.9.7 -Dlibrary.jansi.path=C:\Users\caio61\OneDrive\Documentos\apache-maven-3.9.7\lib\jansi-native -Dmaven.multiModuleProjectDirectory=C:\Users\caio61\Documents\GitHub\simple-crud\backend org.codehaus.plexus.classworlds.launcher.Launcher spring-boot:run

Host: AMD Ryzen 5 7520U with Radeon Graphics         , 8 cores, 5G,  Windows 11 , 64 bit Build 22621 (10.0.22621.4391)
Time: Thu Nov 28 23:43:43 2024 Hora oficial do Brasil elapsed time: 2.676647 seconds (0d 0h 0m 2s)

---------------  T H R E A D  ---------------

Current thread (0x000001d9da09ea60):  JavaThread "C2 CompilerThread0" daemon [_thread_in_native, id=15704, stack(0x0000007208d00000,0x0000007208e00000)]


Current CompileTask:
C2:   2676 1566       4       jdk.internal.loader.URLClassPath::getResource (74 bytes)

Stack: [0x0000007208d00000,0x0000007208e00000]
Native frames: (J=compiled Java code, j=interpreted, Vv=VM code, C=native code)
V  [jvm.dll+0x677a5a]
V  [jvm.dll+0x7d8b2d]
V  [jvm.dll+0x7da48e]
V  [jvm.dll+0x7daaf3]
V  [jvm.dll+0x2455ff]
V  [jvm.dll+0xaaafb]
V  [jvm.dll+0xab09c]
V  [jvm.dll+0x361b5f]
V  [jvm.dll+0x32c211]
V  [jvm.dll+0x32b6aa]
V  [jvm.dll+0x21794f]
V  [jvm.dll+0x216d81]
V  [jvm.dll+0x1a3410]
V  [jvm.dll+0x226aeb]
V  [jvm.dll+0x224cab]
V  [jvm.dll+0x78e45c]
V  [jvm.dll+0x78888a]
V  [jvm.dll+0x676935]
C  [ucrtbase.dll+0x29333]
C  [KERNEL32.DLL+0x1259d]
C  [ntdll.dll+0x5af38]


---------------  P R O C E S S  ---------------

Threads class SMR info:
_java_thread_list=0x000001d9da78f710, length=12, elements={
0x000001d9bd425070, 0x000001d9da079830, 0x000001d9da07aaa0, 0x000001d9da08e600,
0x000001d9da08eed0, 0x000001d9da0950a0, 0x000001d9da095970, 0x000001d9da09ea60,
0x000001d9da09f370, 0x000001d9da0a3c90, 0x000001d9da4254f0, 0x000001d9da4259d0
}

Java Threads: ( => current thread )
  0x000001d9bd425070 JavaThread "main" [_thread_in_vm, id=20452, stack(0x0000007208000000,0x0000007208100000)]
  0x000001d9da079830 JavaThread "Reference Handler" daemon [_thread_blocked, id=4100, stack(0x0000007208700000,0x0000007208800000)]
  0x000001d9da07aaa0 JavaThread "Finalizer" daemon [_thread_blocked, id=4300, stack(0x0000007208800000,0x0000007208900000)]
  0x000001d9da08e600 JavaThread "Signal Dispatcher" daemon [_thread_blocked, id=22620, stack(0x0000007208900000,0x0000007208a00000)]
  0x000001d9da08eed0 JavaThread "Attach Listener" daemon [_thread_blocked, id=18408, stack(0x0000007208a00000,0x0000007208b00000)]
  0x000001d9da0950a0 JavaThread "Service Thread" daemon [_thread_blocked, id=7220, stack(0x0000007208b00000,0x0000007208c00000)]
  0x000001d9da095970 JavaThread "Monitor Deflation Thread" daemon [_thread_blocked, id=19116, stack(0x0000007208c00000,0x0000007208d00000)]
=>0x000001d9da09ea60 JavaThread "C2 CompilerThread0" daemon [_thread_in_native, id=15704, stack(0x0000007208d00000,0x0000007208e00000)]
  0x000001d9da09f370 JavaThread "C1 CompilerThread0" daemon [_thread_blocked, id=18508, stack(0x0000007208e00000,0x0000007208f00000)]
  0x000001d9da0a3c90 JavaThread "Sweeper thread" daemon [_thread_blocked, id=13080, stack(0x0000007208f00000,0x0000007209000000)]
  0x000001d9da4254f0 JavaThread "Notification Thread" daemon [_thread_blocked, id=14212, stack(0x0000007209000000,0x0000007209100000)]
  0x000001d9da4259d0 JavaThread "Common-Cleaner" daemon [_thread_blocked, id=10352, stack(0x0000007209200000,0x0000007209300000)]

Other Threads:
  0x000001d9da0776f0 VMThread "VM Thread" [stack: 0x0000007208600000,0x0000007208700000] [id=8928]
  0x000001d9bd49a680 WatcherThread [stack: 0x0000007209100000,0x0000007209200000] [id=15088]
  0x000001d9bd470c00 GCTaskThread "GC Thread#0" [stack: 0x0000007208100000,0x0000007208200000] [id=23096]
  0x000001d9dad5bce0 GCTaskThread "GC Thread#1" [stack: 0x0000007209300000,0x0000007209400000] [id=15352]
  0x000001d9da9dfe00 GCTaskThread "GC Thread#2" [stack: 0x0000007209400000,0x0000007209500000] [id=3344]
  0x000001d9daeb0e40 GCTaskThread "GC Thread#3" [stack: 0x0000007209500000,0x0000007209600000] [id=18596]
  0x000001d9daeebb30 GCTaskThread "GC Thread#4" [stack: 0x0000007209600000,0x0000007209700000] [id=1776]
  0x000001da200e07a0 GCTaskThread "GC Thread#5" [stack: 0x0000007209700000,0x0000007209800000] [id=3152]
  0x000001da200e0a60 GCTaskThread "GC Thread#6" [stack: 0x0000007209800000,0x0000007209900000] [id=10660]
  0x000001da200e0d20 GCTaskThread "GC Thread#7" [stack: 0x0000007209900000,0x0000007209a00000] [id=20672]
  0x000001d9bd47f0d0 ConcurrentGCThread "G1 Main Marker" [stack: 0x0000007208200000,0x0000007208300000] [id=20372]
  0x000001d9bd47f890 ConcurrentGCThread "G1 Conc#0" [stack: 0x0000007208300000,0x0000007208400000] [id=21268]
  0x000001d9bd4aec10 ConcurrentGCThread "G1 Refine#0" [stack: 0x0000007208400000,0x0000007208500000] [id=9032]
  0x000001d9d9f1dad0 ConcurrentGCThread "G1 Service" [stack: 0x0000007208500000,0x0000007208600000] [id=23512]

Threads with active compile tasks:
C2 CompilerThread0     2714 1566       4       jdk.internal.loader.URLClassPath::getResource (74 bytes)

VM state: not at safepoint (normal execution)

VM Mutex/Monitor currently owned by a thread:  ([mutex/lock_event])
[0x000001d9bb0bbd10] Metaspace_lock - owner thread: 0x000001d9bd425070

Heap address: 0x00000000a4200000, size: 1470 MB, Compressed Oops mode: 32-bit

CDS archive(s) mapped at: [0x000001d9db000000-0x000001d9dbbd0000-0x000001d9dbbd0000), size 12386304, SharedBaseAddress: 0x000001d9db000000, ArchiveRelocationMode: 1.
Compressed class space mapped at: 0x000001d9dc000000-0x000001da1c000000, reserved size: 1073741824
Narrow klass base: 0x000001d9db000000, Narrow klass shift: 0, Narrow klass range: 0x100000000

GC Precious Log:
 CPUs: 8 total, 8 available
 Memory: 5877M
 Large Page Support: Disabled
 NUMA Support: Disabled
 Compressed Oops: Enabled (32-bit)
 Heap Region Size: 1M
 Heap Min Capacity: 8M
 Heap Initial Capacity: 92M
 Heap Max Capacity: 1470M
 Pre-touch: Disabled
 Parallel Workers: 8
 Concurrent Workers: 2
 Concurrent Refinement Workers: 8
 Periodic GC: Disabled

Heap:
 garbage-first heap   total 94208K, used 26296K [0x00000000a4200000, 0x0000000100000000)
  region size 1024K, 26 young (26624K), 3 survivors (3072K)
 Metaspace       used 8374K, committed 8512K, reserved 1114112K
  class space    used 1001K, committed 1088K, reserved 1048576K

Heap Regions: E=young(eden), S=young(survivor), O=old, HS=humongous(starts), HC=humongous(continues), CS=collection set, F=free, OA=open archive, CA=closed archive, TAMS=top-at-mark-start (previous, next)
|   0|0x00000000a4200000, 0x00000000a42ae000, 0x00000000a4300000| 67%| O|  |TAMS 0x00000000a4200000, 0x00000000a4200000| Untracked 
|   1|0x00000000a4300000, 0x00000000a4300000, 0x00000000a4400000|  0%| F|  |TAMS 0x00000000a4300000, 0x00000000a4300000| Untracked 
|   2|0x00000000a4400000, 0x00000000a4400000, 0x00000000a4500000|  0%| F|  |TAMS 0x00000000a4400000, 0x00000000a4400000| Untracked 
|   3|0x00000000a4500000, 0x00000000a4500000, 0x00000000a4600000|  0%| F|  |TAMS 0x00000000a4500000, 0x00000000a4500000| Untracked 
|   4|0x00000000a4600000, 0x00000000a4600000, 0x00000000a4700000|  0%| F|  |TAMS 0x00000000a4600000, 0x00000000a4600000| Untracked 
|   5|0x00000000a4700000, 0x00000000a4700000, 0x00000000a4800000|  0%| F|  |TAMS 0x00000000a4700000, 0x00000000a4700000| Untracked 
|   6|0x00000000a4800000, 0x00000000a4800000, 0x00000000a4900000|  0%| F|  |TAMS 0x00000000a4800000, 0x00000000a4800000| Untracked 
|   7|0x00000000a4900000, 0x00000000a4900000, 0x00000000a4a00000|  0%| F|  |TAMS 0x00000000a4900000, 0x00000000a4900000| Untracked 
|   8|0x00000000a4a00000, 0x00000000a4a00000, 0x00000000a4b00000|  0%| F|  |TAMS 0x00000000a4a00000, 0x00000000a4a00000| Untracked 
|   9|0x00000000a4b00000, 0x00000000a4b00000, 0x00000000a4c00000|  0%| F|  |TAMS 0x00000000a4b00000, 0x00000000a4b00000| Untracked 
|  10|0x00000000a4c00000, 0x00000000a4c00000, 0x00000000a4d00000|  0%| F|  |TAMS 0x00000000a4c00000, 0x00000000a4c00000| Untracked 
|  11|0x00000000a4d00000, 0x00000000a4d00000, 0x00000000a4e00000|  0%| F|  |TAMS 0x00000000a4d00000, 0x00000000a4d00000| Untracked 
|  12|0x00000000a4e00000, 0x00000000a4e00000, 0x00000000a4f00000|  0%| F|  |TAMS 0x00000000a4e00000, 0x00000000a4e00000| Untracked 
|  13|0x00000000a4f00000, 0x00000000a4f00000, 0x00000000a5000000|  0%| F|  |TAMS 0x00000000a4f00000, 0x00000000a4f00000| Untracked 
|  14|0x00000000a5000000, 0x00000000a5000000, 0x00000000a5100000|  0%| F|  |TAMS 0x00000000a5000000, 0x00000000a5000000| Untracked 
|  15|0x00000000a5100000, 0x00000000a5100000, 0x00000000a5200000|  0%| F|  |TAMS 0x00000000a5100000, 0x00000000a5100000| Untracked 
|  16|0x00000000a5200000, 0x00000000a5200000, 0x00000000a5300000|  0%| F|  |TAMS 0x00000000a5200000, 0x00000000a5200000| Untracked 
|  17|0x00000000a5300000, 0x00000000a5300000, 0x00000000a5400000|  0%| F|  |TAMS 0x00000000a5300000, 0x00000000a5300000| Untracked 
|  18|0x00000000a5400000, 0x00000000a5400000, 0x00000000a5500000|  0%| F|  |TAMS 0x00000000a5400000, 0x00000000a5400000| Untracked 
|  19|0x00000000a5500000, 0x00000000a5500000, 0x00000000a5600000|  0%| F|  |TAMS 0x00000000a5500000, 0x00000000a5500000| Untracked 
|  20|0x00000000a5600000, 0x00000000a5600000, 0x00000000a5700000|  0%| F|  |TAMS 0x00000000a5600000, 0x00000000a5600000| Untracked 
|  21|0x00000000a5700000, 0x00000000a5700000, 0x00000000a5800000|  0%| F|  |TAMS 0x00000000a5700000, 0x00000000a5700000| Untracked 
|  22|0x00000000a5800000, 0x00000000a5800000, 0x00000000a5900000|  0%| F|  |TAMS 0x00000000a5800000, 0x00000000a5800000| Untracked 
|  23|0x00000000a5900000, 0x00000000a5900000, 0x00000000a5a00000|  0%| F|  |TAMS 0x00000000a5900000, 0x00000000a5900000| Untracked 
|  24|0x00000000a5a00000, 0x00000000a5a00000, 0x00000000a5b00000|  0%| F|  |TAMS 0x00000000a5a00000, 0x00000000a5a00000| Untracked 
|  25|0x00000000a5b00000, 0x00000000a5b00000, 0x00000000a5c00000|  0%| F|  |TAMS 0x00000000a5b00000, 0x00000000a5b00000| Untracked 
|  26|0x00000000a5c00000, 0x00000000a5c00000, 0x00000000a5d00000|  0%| F|  |TAMS 0x00000000a5c00000, 0x00000000a5c00000| Untracked 
|  27|0x00000000a5d00000, 0x00000000a5d00000, 0x00000000a5e00000|  0%| F|  |TAMS 0x00000000a5d00000, 0x00000000a5d00000| Untracked 
|  28|0x00000000a5e00000, 0x00000000a5e00000, 0x00000000a5f00000|  0%| F|  |TAMS 0x00000000a5e00000, 0x00000000a5e00000| Untracked 
|  29|0x00000000a5f00000, 0x00000000a5f00000, 0x00000000a6000000|  0%| F|  |TAMS 0x00000000a5f00000, 0x00000000a5f00000| Untracked 
|  30|0x00000000a6000000, 0x00000000a6000000, 0x00000000a6100000|  0%| F|  |TAMS 0x00000000a6000000, 0x00000000a6000000| Untracked 
|  31|0x00000000a6100000, 0x00000000a6100000, 0x00000000a6200000|  0%| F|  |TAMS 0x00000000a6100000, 0x00000000a6100000| Untracked 
|  32|0x00000000a6200000, 0x00000000a6200000, 0x00000000a6300000|  0%| F|  |TAMS 0x00000000a6200000, 0x00000000a6200000| Untracked 
|  33|0x00000000a6300000, 0x00000000a6300000, 0x00000000a6400000|  0%| F|  |TAMS 0x00000000a6300000, 0x00000000a6300000| Untracked 
|  34|0x00000000a6400000, 0x00000000a6400000, 0x00000000a6500000|  0%| F|  |TAMS 0x00000000a6400000, 0x00000000a6400000| Untracked 
|  35|0x00000000a6500000, 0x00000000a6500000, 0x00000000a6600000|  0%| F|  |TAMS 0x00000000a6500000, 0x00000000a6500000| Untracked 
|  36|0x00000000a6600000, 0x00000000a6600000, 0x00000000a6700000|  0%| F|  |TAMS 0x00000000a6600000, 0x00000000a6600000| Untracked 
|  37|0x00000000a6700000, 0x00000000a6700000, 0x00000000a6800000|  0%| F|  |TAMS 0x00000000a6700000, 0x00000000a6700000| Untracked 
|  38|0x00000000a6800000, 0x00000000a6800000, 0x00000000a6900000|  0%| F|  |TAMS 0x00000000a6800000, 0x00000000a6800000| Untracked 
|  39|0x00000000a6900000, 0x00000000a6900000, 0x00000000a6a00000|  0%| F|  |TAMS 0x00000000a6900000, 0x00000000a6900000| Untracked 
|  40|0x00000000a6a00000, 0x00000000a6a00000, 0x00000000a6b00000|  0%| F|  |TAMS 0x00000000a6a00000, 0x00000000a6a00000| Untracked 
|  41|0x00000000a6b00000, 0x00000000a6b00000, 0x00000000a6c00000|  0%| F|  |TAMS 0x00000000a6b00000, 0x00000000a6b00000| Untracked 
|  42|0x00000000a6c00000, 0x00000000a6c00000, 0x00000000a6d00000|  0%| F|  |TAMS 0x00000000a6c00000, 0x00000000a6c00000| Untracked 
|  43|0x00000000a6d00000, 0x00000000a6d00000, 0x00000000a6e00000|  0%| F|  |TAMS 0x00000000a6d00000, 0x00000000a6d00000| Untracked 
|  44|0x00000000a6e00000, 0x00000000a6e00000, 0x00000000a6f00000|  0%| F|  |TAMS 0x00000000a6e00000, 0x00000000a6e00000| Untracked 
|  45|0x00000000a6f00000, 0x00000000a6f00000, 0x00000000a7000000|  0%| F|  |TAMS 0x00000000a6f00000, 0x00000000a6f00000| Untracked 
|  46|0x00000000a7000000, 0x00000000a7000000, 0x00000000a7100000|  0%| F|  |TAMS 0x00000000a7000000, 0x00000000a7000000| Untracked 
|  47|0x00000000a7100000, 0x00000000a7100000, 0x00000000a7200000|  0%| F|  |TAMS 0x00000000a7100000, 0x00000000a7100000| Untracked 
|  48|0x00000000a7200000, 0x00000000a7200000, 0x00000000a7300000|  0%| F|  |TAMS 0x00000000a7200000, 0x00000000a7200000| Untracked 
|  49|0x00000000a7300000, 0x00000000a7300000, 0x00000000a7400000|  0%| F|  |TAMS 0x00000000a7300000, 0x00000000a7300000| Untracked 
|  50|0x00000000a7400000, 0x00000000a7400000, 0x00000000a7500000|  0%| F|  |TAMS 0x00000000a7400000, 0x00000000a7400000| Untracked 
|  51|0x00000000a7500000, 0x00000000a7500000, 0x00000000a7600000|  0%| F|  |TAMS 0x00000000a7500000, 0x00000000a7500000| Untracked 
|  52|0x00000000a7600000, 0x00000000a7600000, 0x00000000a7700000|  0%| F|  |TAMS 0x00000000a7600000, 0x00000000a7600000| Untracked 
|  53|0x00000000a7700000, 0x00000000a7700000, 0x00000000a7800000|  0%| F|  |TAMS 0x00000000a7700000, 0x00000000a7700000| Untracked 
|  54|0x00000000a7800000, 0x00000000a7800000, 0x00000000a7900000|  0%| F|  |TAMS 0x00000000a7800000, 0x00000000a7800000| Untracked 
|  55|0x00000000a7900000, 0x00000000a7900000, 0x00000000a7a00000|  0%| F|  |TAMS 0x00000000a7900000, 0x00000000a7900000| Untracked 
|  56|0x00000000a7a00000, 0x00000000a7a00000, 0x00000000a7b00000|  0%| F|  |TAMS 0x00000000a7a00000, 0x00000000a7a00000| Untracked 
|  57|0x00000000a7b00000, 0x00000000a7b00000, 0x00000000a7c00000|  0%| F|  |TAMS 0x00000000a7b00000, 0x00000000a7b00000| Untracked 
|  58|0x00000000a7c00000, 0x00000000a7c00000, 0x00000000a7d00000|  0%| F|  |TAMS 0x00000000a7c00000, 0x00000000a7c00000| Untracked 
|  59|0x00000000a7d00000, 0x00000000a7d00000, 0x00000000a7e00000|  0%| F|  |TAMS 0x00000000a7d00000, 0x00000000a7d00000| Untracked 
|  60|0x00000000a7e00000, 0x00000000a7e00000, 0x00000000a7f00000|  0%| F|  |TAMS 0x00000000a7e00000, 0x00000000a7e00000| Untracked 
|  61|0x00000000a7f00000, 0x00000000a7f00000, 0x00000000a8000000|  0%| F|  |TAMS 0x00000000a7f00000, 0x00000000a7f00000| Untracked 
|  62|0x00000000a8000000, 0x00000000a8000000, 0x00000000a8100000|  0%| F|  |TAMS 0x00000000a8000000, 0x00000000a8000000| Untracked 
|  63|0x00000000a8100000, 0x00000000a8100000, 0x00000000a8200000|  0%| F|  |TAMS 0x00000000a8100000, 0x00000000a8100000| Untracked 
|  64|0x00000000a8200000, 0x00000000a8200000, 0x00000000a8300000|  0%| F|  |TAMS 0x00000000a8200000, 0x00000000a8200000| Untracked 
|  65|0x00000000a8300000, 0x00000000a8300000, 0x00000000a8400000|  0%| F|  |TAMS 0x00000000a8300000, 0x00000000a8300000| Untracked 
|  66|0x00000000a8400000, 0x00000000a8500000, 0x00000000a8500000|100%| S|CS|TAMS 0x00000000a8400000, 0x00000000a8400000| Complete 
|  67|0x00000000a8500000, 0x00000000a8600000, 0x00000000a8600000|100%| S|CS|TAMS 0x00000000a8500000, 0x00000000a8500000| Complete 
|  68|0x00000000a8600000, 0x00000000a8700000, 0x00000000a8700000|100%| S|CS|TAMS 0x00000000a8600000, 0x00000000a8600000| Complete 
|  69|0x00000000a8700000, 0x00000000a8800000, 0x00000000a8800000|100%| E|  |TAMS 0x00000000a8700000, 0x00000000a8700000| Complete 
|  70|0x00000000a8800000, 0x00000000a8900000, 0x00000000a8900000|100%| E|CS|TAMS 0x00000000a8800000, 0x00000000a8800000| Complete 
|  71|0x00000000a8900000, 0x00000000a8a00000, 0x00000000a8a00000|100%| E|CS|TAMS 0x00000000a8900000, 0x00000000a8900000| Complete 
|  72|0x00000000a8a00000, 0x00000000a8b00000, 0x00000000a8b00000|100%| E|CS|TAMS 0x00000000a8a00000, 0x00000000a8a00000| Complete 
|  73|0x00000000a8b00000, 0x00000000a8c00000, 0x00000000a8c00000|100%| E|CS|TAMS 0x00000000a8b00000, 0x00000000a8b00000| Complete 
|  74|0x00000000a8c00000, 0x00000000a8d00000, 0x00000000a8d00000|100%| E|CS|TAMS 0x00000000a8c00000, 0x00000000a8c00000| Complete 
|  75|0x00000000a8d00000, 0x00000000a8e00000, 0x00000000a8e00000|100%| E|CS|TAMS 0x00000000a8d00000, 0x00000000a8d00000| Complete 
|  76|0x00000000a8e00000, 0x00000000a8f00000, 0x00000000a8f00000|100%| E|CS|TAMS 0x00000000a8e00000, 0x00000000a8e00000| Complete 
|  77|0x00000000a8f00000, 0x00000000a9000000, 0x00000000a9000000|100%| E|CS|TAMS 0x00000000a8f00000, 0x00000000a8f00000| Complete 
|  78|0x00000000a9000000, 0x00000000a9100000, 0x00000000a9100000|100%| E|CS|TAMS 0x00000000a9000000, 0x00000000a9000000| Complete 
|  79|0x00000000a9100000, 0x00000000a9200000, 0x00000000a9200000|100%| E|CS|TAMS 0x00000000a9100000, 0x00000000a9100000| Complete 
|  80|0x00000000a9200000, 0x00000000a9300000, 0x00000000a9300000|100%| E|CS|TAMS 0x00000000a9200000, 0x00000000a9200000| Complete 
|  81|0x00000000a9300000, 0x00000000a9400000, 0x00000000a9400000|100%| E|CS|TAMS 0x00000000a9300000, 0x00000000a9300000| Complete 
|  82|0x00000000a9400000, 0x00000000a9500000, 0x00000000a9500000|100%| E|CS|TAMS 0x00000000a9400000, 0x00000000a9400000| Complete 
|  83|0x00000000a9500000, 0x00000000a9600000, 0x00000000a9600000|100%| E|CS|TAMS 0x00000000a9500000, 0x00000000a9500000| Complete 
|  84|0x00000000a9600000, 0x00000000a9700000, 0x00000000a9700000|100%| E|CS|TAMS 0x00000000a9600000, 0x00000000a9600000| Complete 
|  85|0x00000000a9700000, 0x00000000a9800000, 0x00000000a9800000|100%| E|CS|TAMS 0x00000000a9700000, 0x00000000a9700000| Complete 
|  86|0x00000000a9800000, 0x00000000a9900000, 0x00000000a9900000|100%| E|CS|TAMS 0x00000000a9800000, 0x00000000a9800000| Complete 
|  87|0x00000000a9900000, 0x00000000a9a00000, 0x00000000a9a00000|100%| E|CS|TAMS 0x00000000a9900000, 0x00000000a9900000| Complete 
|  88|0x00000000a9a00000, 0x00000000a9b00000, 0x00000000a9b00000|100%| E|CS|TAMS 0x00000000a9a00000, 0x00000000a9a00000| Complete 
|  89|0x00000000a9b00000, 0x00000000a9c00000, 0x00000000a9c00000|100%| E|CS|TAMS 0x00000000a9b00000, 0x00000000a9b00000| Complete 
|  90|0x00000000a9c00000, 0x00000000a9d00000, 0x00000000a9d00000|100%| E|CS|TAMS 0x00000000a9c00000, 0x00000000a9c00000| Complete 
|  91|0x00000000a9d00000, 0x00000000a9e00000, 0x00000000a9e00000|100%| E|CS|TAMS 0x00000000a9d00000, 0x00000000a9d00000| Complete 

Card table byte_map: [0x000001d9d42a0000,0x000001d9d4580000] _byte_map_base: 0x000001d9d3d7f000

Marking Bits (Prev, Next): (CMBitMap*) 0x000001d9bd472fe0, (CMBitMap*) 0x000001d9bd473020
 Prev Bits: [0x000001d9d4860000, 0x000001d9d5f58000)
 Next Bits: [0x000001d9d5f60000, 0x000001d9d7658000)

Polling page: 0x000001d9bb250000

Metaspace:

Usage:
  Non-class:      7.20 MB used.
      Class:   1001.52 KB used.
       Both:      8.18 MB used.

Virtual space:
  Non-class space:       64.00 MB reserved,       7.25 MB ( 11%) committed,  1 nodes.
      Class space:        1.00 GB reserved,       1.06 MB ( <1%) committed,  1 nodes.
             Both:        1.06 GB reserved,       8.31 MB ( <1%) committed. 

Chunk freelists:
   Non-Class:  7.11 MB
       Class:  14.97 MB
        Both:  22.08 MB

MaxMetaspaceSize: unlimited
CompressedClassSpaceSize: 1.00 GB
Initial GC threshold: 21.00 MB
Current GC threshold: 21.00 MB
CDS: on
MetaspaceReclaimPolicy: balanced
 - commit_granule_bytes: 65536.
 - commit_granule_words: 8192.
 - virtual_space_node_default_size: 8388608.
 - enlarge_chunks_in_place: 1.
 - new_chunks_are_fully_committed: 0.
 - uncommit_free_chunks: 1.
 - use_allocation_guard: 0.
 - handle_deallocations: 1.


Internal statistics:

num_allocs_failed_limit: 0.
num_arena_births: 60.
num_arena_deaths: 0.
num_vsnodes_births: 2.
num_vsnodes_deaths: 0.
num_space_committed: 133.
num_space_uncommitted: 0.
num_chunks_returned_to_freelist: 0.
num_chunks_taken_from_freelist: 324.
num_chunk_merges: 0.
num_chunk_splits: 218.
num_chunks_enlarged: 179.
num_inconsistent_stats: 0.

CodeHeap 'non-profiled nmethods': size=120000Kb used=626Kb max_used=626Kb free=119373Kb
 bounds [0x000001d9cc760000, 0x000001d9cc9d0000, 0x000001d9d3c90000]
CodeHeap 'profiled nmethods': size=120000Kb used=3156Kb max_used=3156Kb free=116843Kb
 bounds [0x000001d9c4c90000, 0x000001d9c4fb0000, 0x000001d9cc1c0000]
CodeHeap 'non-nmethods': size=5760Kb used=1152Kb max_used=1177Kb free=4607Kb
 bounds [0x000001d9cc1c0000, 0x000001d9cc430000, 0x000001d9cc760000]
 total_blobs=2048 nmethods=1603 adapters=358
 compilation: enabled
              stopped_count=0, restarted_count=0
 full_count=0

Compilation events (20 events):
Event: 2.667 Thread 0x000001d9da09f370 nmethod 1592 0x000001d9c4f9ca90 code [0x000001d9c4f9cc60, 0x000001d9c4f9d1f8]
Event: 2.667 Thread 0x000001d9da09f370 1598       3       java.lang.reflect.Method::getRoot (5 bytes)
Event: 2.667 Thread 0x000001d9da09f370 nmethod 1598 0x000001d9c4f9d310 code [0x000001d9c4f9d4a0, 0x000001d9c4f9d5b8]
Event: 2.667 Thread 0x000001d9da09f370 1593       3       com.google.common.collect.ComparatorOrdering::compare (12 bytes)
Event: 2.667 Thread 0x000001d9da09f370 nmethod 1593 0x000001d9c4f9d690 code [0x000001d9c4f9d840, 0x000001d9c4f9da08]
Event: 2.667 Thread 0x000001d9da09f370 1599       3       java.lang.reflect.Method::copy (84 bytes)
Event: 2.668 Thread 0x000001d9da09f370 nmethod 1599 0x000001d9c4f9db10 code [0x000001d9c4f9dce0, 0x000001d9c4f9e0f8]
Event: 2.668 Thread 0x000001d9da09f370 1594       3       java.util.Arrays$ArrayList::iterator (12 bytes)
Event: 2.668 Thread 0x000001d9da09f370 nmethod 1594 0x000001d9c4f9e210 code [0x000001d9c4f9e3c0, 0x000001d9c4f9e658]
Event: 2.668 Thread 0x000001d9da09f370 1595       3       java.util.Arrays$ArrayItr::<init> (10 bytes)
Event: 2.668 Thread 0x000001d9da09f370 nmethod 1595 0x000001d9c4f9e790 code [0x000001d9c4f9e920, 0x000001d9c4f9ead8]
Event: 2.668 Thread 0x000001d9da09f370 1596       3       com.google.inject.internal.DeclaredMembers$$Lambda$60/0x000001d9dc091000::apply (8 bytes)
Event: 2.668 Thread 0x000001d9da09f370 nmethod 1596 0x000001d9c4f9eb90 code [0x000001d9c4f9eda0, 0x000001d9c4f9f618]
Event: 2.669 Thread 0x000001d9da09f370 1597       3       com.google.inject.internal.DeclaredMembers::lambda$getDeclaredMethods$1 (8 bytes)
Event: 2.669 Thread 0x000001d9da09f370 nmethod 1597 0x000001d9c4f9f910 code [0x000001d9c4f9fb20, 0x000001d9c4fa0238]
Event: 2.669 Thread 0x000001d9da09f370 1600       3       java.util.stream.SortedOps$SizedRefSortingSink::begin (28 bytes)
Event: 2.669 Thread 0x000001d9da09f370 nmethod 1600 0x000001d9c4fa0490 code [0x000001d9c4fa0640, 0x000001d9c4fa0968]
Event: 2.669 Thread 0x000001d9da09f370 1601       3       java.util.stream.Nodes$FixedNodeBuilder::begin (52 bytes)
Event: 2.670 Thread 0x000001d9da09f370 nmethod 1601 0x000001d9c4fa0a90 code [0x000001d9c4fa0ce0, 0x000001d9c4fa16e8]
Event: 2.670 Thread 0x000001d9da09f370 1602       3       java.util.stream.Nodes$FixedNodeBuilder::end (51 bytes)

GC Heap History (2 events):
Event: 1.938 GC heap before
{Heap before GC invocations=0 (full 0):
 garbage-first heap   total 94208K, used 23552K [0x00000000a4200000, 0x0000000100000000)
  region size 1024K, 23 young (23552K), 0 survivors (0K)
 Metaspace       used 5539K, committed 5760K, reserved 1114112K
  class space    used 664K, committed 768K, reserved 1048576K
}
Event: 1.948 GC heap after
{Heap after GC invocations=1 (full 0):
 garbage-first heap   total 94208K, used 3768K [0x00000000a4200000, 0x0000000100000000)
  region size 1024K, 3 young (3072K), 3 survivors (3072K)
 Metaspace       used 5539K, committed 5760K, reserved 1114112K
  class space    used 664K, committed 768K, reserved 1048576K
}

Deoptimization events (20 events):
Event: 2.265 Thread 0x000001d9bd425070 Uncommon trap: trap_request=0xffffff45 fr.pc=0x000001d9cc7d7d28 relative=0x0000000000000308
Event: 2.265 Thread 0x000001d9bd425070 Uncommon trap: reason=unstable_if action=reinterpret pc=0x000001d9cc7d7d28 method=java.lang.String.<init>([CIILjava/lang/Void;)V @ 5 c2
Event: 2.265 Thread 0x000001d9bd425070 DEOPT PACKING pc=0x000001d9cc7d7d28 sp=0x00000072080fd5d0
Event: 2.265 Thread 0x000001d9bd425070 DEOPT UNPACKING pc=0x000001d9cc2123a3 sp=0x00000072080fd590 mode 2
Event: 2.269 Thread 0x000001d9bd425070 DEOPT PACKING pc=0x000001d9c4f042a3 sp=0x00000072080fd6e0
Event: 2.269 Thread 0x000001d9bd425070 DEOPT UNPACKING pc=0x000001d9cc212b43 sp=0x00000072080fcb50 mode 0
Event: 2.290 Thread 0x000001d9bd425070 DEOPT PACKING pc=0x000001d9c4f042a3 sp=0x00000072080fd6d0
Event: 2.290 Thread 0x000001d9bd425070 DEOPT UNPACKING pc=0x000001d9cc212b43 sp=0x00000072080fcb40 mode 0
Event: 2.301 Thread 0x000001d9bd425070 DEOPT PACKING pc=0x000001d9c4f042a3 sp=0x00000072080fd6d0
Event: 2.301 Thread 0x000001d9bd425070 DEOPT UNPACKING pc=0x000001d9cc212b43 sp=0x00000072080fcb40 mode 0
Event: 2.304 Thread 0x000001d9bd425070 DEOPT PACKING pc=0x000001d9c4f042a3 sp=0x00000072080fd6d0
Event: 2.304 Thread 0x000001d9bd425070 DEOPT UNPACKING pc=0x000001d9cc212b43 sp=0x00000072080fcb40 mode 0
Event: 2.314 Thread 0x000001d9bd425070 DEOPT PACKING pc=0x000001d9c4f042a3 sp=0x00000072080fd6d0
Event: 2.314 Thread 0x000001d9bd425070 DEOPT UNPACKING pc=0x000001d9cc212b43 sp=0x00000072080fcb40 mode 0
Event: 2.330 Thread 0x000001d9bd425070 DEOPT PACKING pc=0x000001d9c4f042a3 sp=0x00000072080fd6d0
Event: 2.330 Thread 0x000001d9bd425070 DEOPT UNPACKING pc=0x000001d9cc212b43 sp=0x00000072080fcb40 mode 0
Event: 2.458 Thread 0x000001d9bd425070 Uncommon trap: trap_request=0xffffffc6 fr.pc=0x000001d9cc7d951c relative=0x000000000000043c
Event: 2.458 Thread 0x000001d9bd425070 Uncommon trap: reason=bimorphic_or_optimized_type_check action=maybe_recompile pc=0x000001d9cc7d951c method=java.util.HashMap.getNode(Ljava/lang/Object;)Ljava/util/HashMap$Node; @ 63 c2
Event: 2.458 Thread 0x000001d9bd425070 DEOPT PACKING pc=0x000001d9cc7d951c sp=0x00000072080fdb80
Event: 2.458 Thread 0x000001d9bd425070 DEOPT UNPACKING pc=0x000001d9cc2123a3 sp=0x00000072080fdb08 mode 2

Classes unloaded (0 events):
No events

Classes redefined (0 events):
No events

Internal exceptions (20 events):
Event: 0.493 Thread 0x000001d9bd425070 Exception <a 'java/lang/NullPointerException'{0x00000000a98043f8}> (0x00000000a98043f8) 
thrown [s\open\src\hotspot\share\interpreter\linkResolver.cpp, line 1350]
Event: 0.509 Thread 0x000001d9bd425070 Exception <a 'sun/nio/fs/WindowsException'{0x00000000a9832c28}> (0x00000000a9832c28) 
thrown [s\open\src\hotspot\share\prims\jni.cpp, line 516]
Event: 0.509 Thread 0x000001d9bd425070 Exception <a 'sun/nio/fs/WindowsException'{0x00000000a9833398}> (0x00000000a9833398) 
thrown [s\open\src\hotspot\share\prims\jni.cpp, line 516]
Event: 0.509 Thread 0x000001d9bd425070 Exception <a 'sun/nio/fs/WindowsException'{0x00000000a9833988}> (0x00000000a9833988) 
thrown [s\open\src\hotspot\share\prims\jni.cpp, line 516]
Event: 0.510 Thread 0x000001d9bd425070 Exception <a 'sun/nio/fs/WindowsException'{0x00000000a9833f08}> (0x00000000a9833f08) 
thrown [s\open\src\hotspot\share\prims\jni.cpp, line 516]
Event: 0.510 Thread 0x000001d9bd425070 Exception <a 'sun/nio/fs/WindowsException'{0x00000000a9834458}> (0x00000000a9834458) 
thrown [s\open\src\hotspot\share\prims\jni.cpp, line 516]
Event: 0.510 Thread 0x000001d9bd425070 Exception <a 'sun/nio/fs/WindowsException'{0x00000000a9834958}> (0x00000000a9834958) 
thrown [s\open\src\hotspot\share\prims\jni.cpp, line 516]
Event: 0.510 Thread 0x000001d9bd425070 Exception <a 'sun/nio/fs/WindowsException'{0x00000000a9834e10}> (0x00000000a9834e10) 
thrown [s\open\src\hotspot\share\prims\jni.cpp, line 516]
Event: 0.536 Thread 0x000001d9bd425070 Exception <a 'java/lang/NoSuchMethodError'{0x00000000a9887720}: 'void java.lang.invoke.DirectMethodHandle$Holder.invokeStatic(java.lang.Object, java.lang.Object)'> (0x00000000a9887720) 
thrown [s\open\src\hotspot\share\interpreter\linkResolver.cpp, line 759]
Event: 0.537 Thread 0x000001d9bd425070 Exception <a 'java/lang/NoSuchMethodError'{0x00000000a988b038}: 'void java.lang.invoke.DirectMethodHandle$Holder.invokeStaticInit(java.lang.Object, java.lang.Object)'> (0x00000000a988b038) 
thrown [s\open\src\hotspot\share\interpreter\linkResolver.cpp, line 759]
Event: 0.561 Thread 0x000001d9bd425070 Exception <a 'java/lang/NoSuchMethodError'{0x00000000a98c6778}: 'void java.lang.invoke.DirectMethodHandle$Holder.invokeStatic(java.lang.Object, java.lang.Object, java.lang.Object)'> (0x00000000a98c6778) 
thrown [s\open\src\hotspot\share\interpreter\linkResolver.cpp, line 759]
Event: 0.576 Thread 0x000001d9bd425070 Exception <a 'java/lang/NoSuchMethodError'{0x00000000a97243e0}: 'int java.lang.invoke.DirectMethodHandle$Holder.invokeStatic(java.lang.Object, java.lang.Object, int)'> (0x00000000a97243e0) 
thrown [s\open\src\hotspot\share\interpreter\linkResolver.cpp, line 759]
Event: 0.733 Thread 0x000001d9bd425070 Exception <a 'java/lang/NoSuchMethodError'{0x00000000a96a8510}: 'java.lang.Object java.lang.invoke.DirectMethodHandle$Holder.invokeSpecialIFC(java.lang.Object, java.lang.Object, java.lang.Object, java.lang.Object)'> (0x00000000a96a8510) 
thrown [s\open\src\hotspot\share\interpreter\linkResolver.cpp, line 759]
Event: 1.441 Thread 0x000001d9bd425070 Exception <a 'java/lang/NoSuchMethodError'{0x00000000a9080f48}: 'void java.lang.invoke.DirectMethodHandle$Holder.invokeSpecial(java.lang.Object, java.lang.Object, java.lang.Object)'> (0x00000000a9080f48) 
thrown [s\open\src\hotspot\share\interpreter\linkResolver.cpp, line 759]
Event: 1.600 Thread 0x000001d9bd425070 Exception <a 'java/lang/NoSuchMethodError'{0x00000000a8fe3230}: 'java.lang.Object java.lang.invoke.DirectMethodHandle$Holder.invokeInterface(java.lang.Object, java.lang.Object)'> (0x00000000a8fe3230) 
thrown [s\open\src\hotspot\share\interpreter\linkResolver.cpp, line 759]
Event: 1.648 Thread 0x000001d9bd425070 Exception <a 'java/lang/NoSuchMethodError'{0x00000000a8e8ede0}: 'java.lang.Object java.lang.invoke.Invokers$Holder.invokeExact_MT(java.lang.Object, java.lang.Object, java.lang.Object, java.lang.Object, java.lang.Object, java.lang.Object)'> (0x00000000a8e8ede0) 
thrown [s\open\src\hotspot\share\interpreter\linkResolver.cpp, line 759]
Event: 1.652 Thread 0x000001d9bd425070 Exception <a 'java/lang/NoSuchMethodError'{0x00000000a8ea0240}: 'int java.lang.invoke.DirectMethodHandle$Holder.invokeSpecialIFC(java.lang.Object, java.lang.Object, java.lang.Object, java.lang.Object, java.lang.Object)'> (0x00000000a8ea0240) 
thrown [s\open\src\hotspot\share\interpreter\linkResolver.cpp, line 759]
Event: 1.769 Thread 0x000001d9bd425070 Exception <a 'java/lang/NoSuchMethodError'{0x00000000a8c47a60}: 'java.lang.Object java.lang.invoke.DirectMethodHandle$Holder.newInvokeSpecial(java.lang.Object, java.lang.Object, java.lang.Object, java.lang.Object, java.lang.Object)'> (0x00000000a8c47a60) 
thrown [s\open\src\hotspot\share\interpreter\linkResolver.cpp, line 759]
Event: 1.836 Thread 0x000001d9bd425070 Exception <a 'java/lang/NoSuchMethodError'{0x00000000a8b4ff30}: 'int java.lang.invoke.DirectMethodHandle$Holder.invokeStaticInit(java.lang.Object, java.lang.Object)'> (0x00000000a8b4ff30) 
thrown [s\open\src\hotspot\share\interpreter\linkResolver.cpp, line 759]
Event: 1.854 Thread 0x000001d9bd425070 Exception <a 'java/lang/NoClassDefFoundError'{0x00000000a8b88ad8}: javax/enterprise/inject/Typed> (0x00000000a8b88ad8) 
thrown [s\open\src\hotspot\share\classfile\systemDictionary.cpp, line 245]

VM Operations (16 events):
Event: 0.109 Executing VM operation: HandshakeAllThreads
Event: 0.109 Executing VM operation: HandshakeAllThreads done
Event: 0.434 Executing VM operation: HandshakeAllThreads
Event: 0.434 Executing VM operation: HandshakeAllThreads done
Event: 0.450 Executing VM operation: HandshakeAllThreads
Event: 0.450 Executing VM operation: HandshakeAllThreads done
Event: 0.781 Executing VM operation: HandshakeAllThreads
Event: 0.781 Executing VM operation: HandshakeAllThreads done
Event: 1.781 Executing VM operation: Cleanup
Event: 1.782 Executing VM operation: Cleanup done
Event: 1.937 Executing VM operation: G1CollectForAllocation
Event: 1.948 Executing VM operation: G1CollectForAllocation done
Event: 2.566 Executing VM operation: HandshakeAllThreads
Event: 2.566 Executing VM operation: HandshakeAllThreads done
Event: 2.634 Executing VM operation: HandshakeAllThreads
Event: 2.634 Executing VM operation: HandshakeAllThreads done

Events (20 events):
Event: 2.123 loading class jdk/internal/reflect/ClassDefiner
Event: 2.124 loading class jdk/internal/reflect/ClassDefiner done
Event: 2.124 loading class jdk/internal/reflect/ClassDefiner$1
Event: 2.124 loading class jdk/internal/reflect/ClassDefiner$1 done
Event: 2.124 loading class jdk/internal/reflect/BootstrapConstructorAccessorImpl
Event: 2.124 loading class jdk/internal/reflect/BootstrapConstructorAccessorImpl done
Event: 2.320 loading class java/lang/Deprecated
Event: 2.320 loading class java/lang/Deprecated done
Event: 2.438 loading class sun/reflect/generics/tree/BottomSignature
Event: 2.438 loading class sun/reflect/generics/tree/BottomSignature done
Event: 2.438 loading class sun/reflect/generics/tree/Wildcard
Event: 2.438 loading class sun/reflect/generics/tree/Wildcard done
Event: 2.438 loading class sun/reflect/generics/reflectiveObjects/WildcardTypeImpl
Event: 2.438 loading class sun/reflect/generics/reflectiveObjects/WildcardTypeImpl done
Event: 2.439 loading class sun/reflect/annotation/AnnotatedTypeFactory$AnnotatedParameterizedTypeImpl
Event: 2.439 loading class java/lang/reflect/AnnotatedParameterizedType
Event: 2.439 loading class java/lang/reflect/AnnotatedParameterizedType done
Event: 2.439 loading class sun/reflect/annotation/AnnotatedTypeFactory$AnnotatedParameterizedTypeImpl done
Event: 2.608 loading class java/util/EventObject
Event: 2.608 loading class java/util/EventObject done


Dynamic libraries:
0x00007ff6b5080000 - 0x00007ff6b5090000 	C:\Program Files\Java\jdk-17\bin\java.exe
0x00007ffc00430000 - 0x00007ffc00647000 	C:\Windows\SYSTEM32\ntdll.dll
0x00007ffbfe9e0000 - 0x00007ffbfeaa4000 	C:\Windows\System32\KERNEL32.DLL
0x00007ffbfdd90000 - 0x00007ffbfe149000 	C:\Windows\System32\KERNELBASE.dll
0x00007ffbfd990000 - 0x00007ffbfdaa1000 	C:\Windows\System32\ucrtbase.dll
0x00007ffbd9260000 - 0x00007ffbd9279000 	C:\Program Files\Java\jdk-17\bin\jli.dll
0x00007ffbff5b0000 - 0x00007ffbff662000 	C:\Windows\System32\ADVAPI32.dll
0x00007ffbff9b0000 - 0x00007ffbffa57000 	C:\Windows\System32\msvcrt.dll
0x00007ffbfeab0000 - 0x00007ffbfeb57000 	C:\Windows\System32\sechost.dll
0x00007ffbfdb70000 - 0x00007ffbfdb98000 	C:\Windows\System32\bcrypt.dll
0x00007ffbfe6c0000 - 0x00007ffbfe7d4000 	C:\Windows\System32\RPCRT4.dll
0x00007ffbff800000 - 0x00007ffbff9ae000 	C:\Windows\System32\USER32.dll
0x00007ffbfd960000 - 0x00007ffbfd986000 	C:\Windows\System32\win32u.dll
0x00007ffbffcd0000 - 0x00007ffbffcf9000 	C:\Windows\System32\GDI32.dll
0x00007ffbfd730000 - 0x00007ffbfd84b000 	C:\Windows\System32\gdi32full.dll
0x00007ffbfd850000 - 0x00007ffbfd8ea000 	C:\Windows\System32\msvcp_win.dll
0x00007ffbd9280000 - 0x00007ffbd929b000 	C:\Program Files\Java\jdk-17\bin\VCRUNTIME140.dll
0x00007ffbd8ed0000 - 0x00007ffbd9162000 	C:\Windows\WinSxS\amd64_microsoft.windows.common-controls_6595b64144ccf1df_6.0.22621.4391_none_2715d37f73803e96\COMCTL32.dll
0x00007ffbf41f0000 - 0x00007ffbf41fa000 	C:\Windows\SYSTEM32\VERSION.dll
0x00007ffbffd00000 - 0x00007ffbffd31000 	C:\Windows\System32\IMM32.DLL
0x00007ffbc6670000 - 0x00007ffbc678a000 	C:\Program Files\Topaz OFD\Warsaw\wslbscr64.dll
0x00007ffbfeb70000 - 0x00007ffbff3e6000 	C:\Windows\System32\SHELL32.dll
0x00007ffbfc880000 - 0x00007ffbfc8b4000 	C:\Windows\SYSTEM32\ntmarta.dll
0x00007ffb96db0000 - 0x00007ffb96eaa000 	C:\Program Files\Topaz OFD\Warsaw\wslbscrwh64.dll
0x00007ffbd8ec0000 - 0x00007ffbd8ecc000 	C:\Program Files\Java\jdk-17\bin\vcruntime140_1.dll
0x00007ffbd8e30000 - 0x00007ffbd8ebe000 	C:\Program Files\Java\jdk-17\bin\msvcp140.dll
0x00007ffbd7830000 - 0x00007ffbd840f000 	C:\Program Files\Java\jdk-17\bin\server\jvm.dll
0x00007ffbfe630000 - 0x00007ffbfe638000 	C:\Windows\System32\PSAPI.DLL
0x00007ffbdde10000 - 0x00007ffbdde19000 	C:\Windows\SYSTEM32\WSOCK32.dll
0x00007ffbfe640000 - 0x00007ffbfe6b1000 	C:\Windows\System32\WS2_32.dll
0x00007ffbf81c0000 - 0x00007ffbf81f4000 	C:\Windows\SYSTEM32\WINMM.dll
0x00007ffbfc750000 - 0x00007ffbfc768000 	C:\Windows\SYSTEM32\kernel.appcore.dll
0x00007ffbd8da0000 - 0x00007ffbd8daa000 	C:\Program Files\Java\jdk-17\bin\jimage.dll
0x00007ffbf2c50000 - 0x00007ffbf2e82000 	C:\Windows\SYSTEM32\DBGHELP.DLL
0x00007ffc00060000 - 0x00007ffc003ef000 	C:\Windows\System32\combase.dll
0x000001d9bcad0000 - 0x000001d9bcba7000 	C:\Windows\System32\OLEAUT32.dll
0x00007ffbe9b40000 - 0x00007ffbe9b72000 	C:\Windows\SYSTEM32\dbgcore.DLL
0x00007ffbfdd10000 - 0x00007ffbfdd8b000 	C:\Windows\System32\bcryptPrimitives.dll
0x00007ffbd8ce0000 - 0x00007ffbd8d05000 	C:\Program Files\Java\jdk-17\bin\java.dll
0x00007ffbd7150000 - 0x00007ffbd7227000 	C:\Program Files\Java\jdk-17\bin\jsvml.dll
0x00007ffbfb620000 - 0x00007ffbfbf23000 	C:\Windows\SYSTEM32\windows.storage.dll
0x00007ffbfb4e0000 - 0x00007ffbfb61f000 	C:\Windows\SYSTEM32\wintypes.dll
0x000001d9da200000 - 0x000001d9da2f9000 	C:\Windows\System32\SHCORE.dll
0x000001d9bd2e0000 - 0x000001d9bd33e000 	C:\Windows\System32\shlwapi.dll
0x00007ffbfd660000 - 0x00007ffbfd68b000 	C:\Windows\SYSTEM32\profapi.dll
0x00007ffbd3ff0000 - 0x00007ffbd4009000 	C:\Program Files\Java\jdk-17\bin\net.dll
0x00007ffbf8e30000 - 0x00007ffbf8f66000 	C:\Windows\SYSTEM32\WINHTTP.dll
0x00007ffbfcbf0000 - 0x00007ffbfcc59000 	C:\Windows\system32\mswsock.dll
0x00007ffbd3fd0000 - 0x00007ffbd3fe6000 	C:\Program Files\Java\jdk-17\bin\nio.dll
0x00007ffbd3fb0000 - 0x00007ffbd3fc8000 	C:\Program Files\Java\jdk-17\bin\zip.dll
0x00007ffbbdb80000 - 0x00007ffbbdba4000 	C:\Users\caio61\OneDrive\Documentos\apache-maven-3.9.7\lib\jansi-native\Windows\x86_64\jansi.dll
0x00007ffbd74b0000 - 0x00007ffbd74c0000 	C:\Program Files\Java\jdk-17\bin\verify.dll

dbghelp: loaded successfully - version: 4.0.5 - missing functions: none
symbol engine: initialized successfully - sym options: 0x614 - pdb path: .;C:\Program Files\Java\jdk-17\bin;C:\Windows\SYSTEM32;C:\Windows\WinSxS\amd64_microsoft.windows.common-controls_6595b64144ccf1df_6.0.22621.4391_none_2715d37f73803e96;C:\Program Files\Topaz OFD\Warsaw;C:\Program Files\Java\jdk-17\bin\server;C:\Users\caio61\OneDrive\Documentos\apache-maven-3.9.7\lib\jansi-native\Windows\x86_64

VM Arguments:
jvm_args: -Dclassworlds.conf=C:\Users\caio61\OneDrive\Documentos\apache-maven-3.9.7\bin\m2.conf -Dmaven.home=C:\Users\caio61\OneDrive\Documentos\apache-maven-3.9.7 -Dlibrary.jansi.path=C:\Users\caio61\OneDrive\Documentos\apache-maven-3.9.7\lib\jansi-native -Dmaven.multiModuleProjectDirectory=C:\Users\caio61\Documents\GitHub\simple-crud\backend 
java_command: org.codehaus.plexus.classworlds.launcher.Launcher spring-boot:run
java_class_path (initial): C:\Users\caio61\OneDrive\Documentos\apache-maven-3.9.7\boot\plexus-classworlds-2.8.0.jar
Launcher Type: SUN_STANDARD

[Global flags]
     intx CICompilerCount                          = 4                                         {product} {ergonomic}
     uint ConcGCThreads                            = 2                                         {product} {ergonomic}
     uint G1ConcRefinementThreads                  = 8                                         {product} {ergonomic}
   size_t G1HeapRegionSize                         = 1048576                                   {product} {ergonomic}
    uintx GCDrainStackTargetSize                   = 64                                        {product} {ergonomic}
   size_t InitialHeapSize                          = 96468992                                  {product} {ergonomic}
   size_t MarkStackSize                            = 4194304                                   {product} {ergonomic}
   size_t MaxHeapSize                              = 1541406720                                {product} {ergonomic}
   size_t MaxNewSize                               = 924844032                                 {product} {ergonomic}
   size_t MinHeapDeltaBytes                        = 1048576                                   {product} {ergonomic}
   size_t MinHeapSize                              = 8388608                                   {product} {ergonomic}
    uintx NonNMethodCodeHeapSize                   = 5839372                                {pd product} {ergonomic}
    uintx NonProfiledCodeHeapSize                  = 122909434                              {pd product} {ergonomic}
    uintx ProfiledCodeHeapSize                     = 122909434                              {pd product} {ergonomic}
    uintx ReservedCodeCacheSize                    = 251658240                              {pd product} {ergonomic}
     bool SegmentedCodeCache                       = true                                      {product} {ergonomic}
   size_t SoftMaxHeapSize                          = 1541406720                             {manageable} {ergonomic}
     bool UseCompressedClassPointers               = true                           {product lp64_product} {ergonomic}
     bool UseCompressedOops                        = true                           {product lp64_product} {ergonomic}
     bool UseG1GC                                  = true                                      {product} {ergonomic}
     bool UseLargePagesIndividualAllocation        = false                                  {pd product} {ergonomic}

Logging:
Log output configuration:
 #0: stdout all=warning uptime,level,tags
 #1: stderr all=off uptime,level,tags

Environment Variables:
JAVA_HOME=C:\Program Files\Java\jdk-17
PATH=C:\app\caio61\product\21c\dbhomeXE\bin;C:\Program Files\Java\jdk-17\bin;C:\Program Files\Common Files\Oracle\Java\javapath;C:\Windows\system32;C:\Windows;C:\Windows\System32\Wbem;C:\Windows\System32\WindowsPowerShell\v1.0\;C:\Windows\System32\OpenSSH\;C:\Users\caio61\AppData\Roaming\nvm;C:\Program Files\nodejs;C:\Program Files\Git\cmd;C:\Users\caio61\OneDrive\Documentos\apache-maven-3.9.7\apache-maven-3.9.7\bin;C:\Program Files\Docker\Docker\resources\bin;C:\Users\caio61\OneDrive\Documentos\apache-maven-3.9.7\bin;C:\Users\caio61\Downloads\php;C:\Program Files\Amazon\AWSCLIV2\;C:\Program Files\terraform\terraform_1.9.8_windows_amd64;C:\Program Files\MySQL\MySQL Shell 8.0\bin\;C:\Users\caio61\AppData\Local\Programs\Python\Python311\Scripts\;C:\Users\caio61\AppData\Local\Programs\Python\Python311\;C:\Users\caio61\AppData\Local\Programs\Python\Launcher\;C:\Users\caio61\AppData\Local\Microsoft\WindowsApps;C:\Users\caio61\AppData\Roaming\nvm;C:\Program Files\nodejs;C:\Users\caio61\AppData\Local\Programs\Microsoft VS Code\bin;C:\Users\caio61\AppData\Local\GitHubDesktop\bin;C:\MinGW\bin;
USERNAME=caio61
OS=Windows_NT
PROCESSOR_IDENTIFIER=AMD64 Family 23 Model 160 Stepping 0, AuthenticAMD



---------------  S Y S T E M  ---------------

OS:
 Windows 11 , 64 bit Build 22621 (10.0.22621.4391)
OS uptime: 4 days 8:09 hours
Hyper-V role detected

CPU: total 8 (initial active 8) (8 cores per cpu, 2 threads per core) family 23 model 160 stepping 0 microcode 0x0, cx8, cmov, fxsr, ht, mmx, 3dnowpref, sse, sse2, sse3, ssse3, sse4a, sse4.1, sse4.2, popcnt, lzcnt, tsc, tscinvbit, avx, avx2, aes, clmul, bmi1, bmi2, adx, sha, fma, vzeroupper, clflush, clflushopt, hv

Memory: 4k page, system-wide physical 5877M (344M free)
TotalPageFile size 24309M (AvailPageFile size 18M)
current process WorkingSet (physical memory assigned to process): 89M, peak: 89M
current process commit charge ("private bytes"): 195M, peak: 196M

vm_info: Java HotSpot(TM) 64-Bit Server VM (17.0.10+11-LTS-240) for windows-amd64 JRE (17.0.10+11-LTS-240), built on Dec 19 2023 21:47:25 by "mach5one" with MS VC++ 17.1 (VS2022)

END.
