#
# There is insufficient memory for the Java Runtime Environment to continue.
# Native memory allocation (mmap) failed to map 96468992 bytes for G1 virtual space
# Possible reasons:
#   The system is out of physical RAM or swap space
#   The process is running with CompressedOops enabled, and the Java Heap may be blocking the growth of the native heap
# Possible solutions:
#   Reduce memory load on the system
#   Increase physical memory or swap space
#   Check if swap backing store is full
#   Decrease Java heap size (-Xmx/-Xms)
#   Decrease number of Java threads
#   Decrease Java thread stack sizes (-Xss)
#   Set larger code cache with -XX:ReservedCodeCacheSize=
#   JVM is running with Unscaled Compressed Oops mode in which the Java heap is
#     placed in the first 4GB address space. The Java Heap base address is the
#     maximum limit for the native heap growth. Please use -XX:HeapBaseMinAddress
#     to set the Java Heap base and to place the Java Heap above 4GB virtual address.
# This output file may be truncated or incomplete.
#
#  Out of Memory Error (os_windows.cpp:3548), pid=21244, tid=11740
#
# JRE version:  (17.0.10+11) (build )
# Java VM: Java HotSpot(TM) 64-Bit Server VM (17.0.10+11-LTS-240, mixed mode, sharing, tiered, compressed oops, compressed class ptrs, g1 gc, windows-amd64)
# No core dump will be written. Minidumps are not enabled by default on client versions of Windows
#

---------------  S U M M A R Y ------------

Command Line: -Dclassworlds.conf=C:\Users\caio61\OneDrive\Documentos\apache-maven-3.9.7\bin\m2.conf -Dmaven.home=C:\Users\caio61\OneDrive\Documentos\apache-maven-3.9.7 -Dlibrary.jansi.path=C:\Users\caio61\OneDrive\Documentos\apache-maven-3.9.7\lib\jansi-native -Dmaven.multiModuleProjectDirectory=C:\Users\caio61\Documents\GitHub\simple-crud\backend org.codehaus.plexus.classworlds.launcher.Launcher spring-boot:run

Host: AMD Ryzen 5 7520U with Radeon Graphics         , 8 cores, 5G,  Windows 11 , 64 bit Build 22621 (10.0.22621.4391)
Time: Thu Nov 28 23:43:02 2024 Hora oficial do Brasil elapsed time: 0.019552 seconds (0d 0h 0m 0s)

---------------  T H R E A D  ---------------

Current thread (0x000002435a575070):  JavaThread "Unknown thread" [_thread_in_vm, id=11740, stack(0x000000824d800000,0x000000824d900000)]

Stack: [0x000000824d800000,0x000000824d900000]
Native frames: (J=compiled Java code, j=interpreted, Vv=VM code, C=native code)
V  [jvm.dll+0x677a5a]
V  [jvm.dll+0x7d8b2d]
V  [jvm.dll+0x7da48e]
V  [jvm.dll+0x7daaf3]
V  [jvm.dll+0x2455ff]
V  [jvm.dll+0x6749b9]
V  [jvm.dll+0x669382]
V  [jvm.dll+0x302e96]
V  [jvm.dll+0x30a416]
V  [jvm.dll+0x359cbe]
V  [jvm.dll+0x359eef]
V  [jvm.dll+0x2d9e88]
V  [jvm.dll+0x2dadf4]
V  [jvm.dll+0x7aa551]
V  [jvm.dll+0x367911]
V  [jvm.dll+0x789639]
V  [jvm.dll+0x3eb30f]
V  [jvm.dll+0x3ecd91]
C  [jli.dll+0x5297]
C  [ucrtbase.dll+0x29333]
C  [KERNEL32.DLL+0x1259d]
C  [ntdll.dll+0x5af38]


---------------  P R O C E S S  ---------------

Threads class SMR info:
_java_thread_list=0x00007ffbd82e6a18, length=0, elements={
}

Java Threads: ( => current thread )

Other Threads:
  0x000002435a5c0c00 GCTaskThread "GC Thread#0" [stack: 0x000000824d900000,0x000000824da00000] [id=22804]
  0x000002435a5cf0d0 ConcurrentGCThread "G1 Main Marker" [stack: 0x000000824da00000,0x000000824db00000] [id=12436]
  0x000002435a5cf890 ConcurrentGCThread "G1 Conc#0" [stack: 0x000000824db00000,0x000000824dc00000] [id=16544]

[error occurred during error reporting (printing all threads), id 0xc0000005, EXCEPTION_ACCESS_VIOLATION (0xc0000005) at pc=0x00007ffbd7b1aae7]

VM state: not at safepoint (not fully initialized)

VM Mutex/Monitor currently owned by a thread:  ([mutex/lock_event])
[0x000002435827c3d0] Heap_lock - owner thread: 0x000002435a575070

Heap address: 0x00000000a4200000, size: 1470 MB, Compressed Oops mode: 32-bit

CDS archive(s) mapped at: [0x0000000000000000-0x0000000000000000-0x0000000000000000), size 0, SharedBaseAddress: 0x0000000800000000, ArchiveRelocationMode: 1.
Narrow klass base: 0x0000000000000000, Narrow klass shift: 0, Narrow klass range: 0x0

GC Precious Log:
<Empty>

Heap:
 garbage-first heap   total 0K, used 0K [0x00000000a4200000, 0x0000000100000000)
  region size 1024K, 0 young (0K), 0 survivors (0K)

[error occurred during error reporting (printing heap information), id 0xc0000005, EXCEPTION_ACCESS_VIOLATION (0xc0000005) at pc=0x00007ffbd7f01249]

GC Heap History (0 events):
No events

Deoptimization events (0 events):
No events

Classes unloaded (0 events):
No events

Classes redefined (0 events):
No events

Internal exceptions (0 events):
No events

VM Operations (0 events):
No events

Events (1 events):
Event: 0.011 Loaded shared library C:\Program Files\Java\jdk-17\bin\java.dll


Dynamic libraries:
0x00007ff6b5080000 - 0x00007ff6b5090000 	C:\Program Files\Java\jdk-17\bin\java.exe
0x00007ffc00430000 - 0x00007ffc00647000 	C:\Windows\SYSTEM32\ntdll.dll
0x00007ffbfe9e0000 - 0x00007ffbfeaa4000 	C:\Windows\System32\KERNEL32.DLL
0x00007ffbfdd90000 - 0x00007ffbfe149000 	C:\Windows\System32\KERNELBASE.dll
0x00007ffbfd990000 - 0x00007ffbfdaa1000 	C:\Windows\System32\ucrtbase.dll
0x00007ffbd9260000 - 0x00007ffbd9279000 	C:\Program Files\Java\jdk-17\bin\jli.dll
0x00007ffbff5b0000 - 0x00007ffbff662000 	C:\Windows\System32\ADVAPI32.dll
0x00007ffbff9b0000 - 0x00007ffbffa57000 	C:\Windows\System32\msvcrt.dll
0x00007ffbfeab0000 - 0x00007ffbfeb57000 	C:\Windows\System32\sechost.dll
0x00007ffbfdb70000 - 0x00007ffbfdb98000 	C:\Windows\System32\bcrypt.dll
0x00007ffbfe6c0000 - 0x00007ffbfe7d4000 	C:\Windows\System32\RPCRT4.dll
0x00007ffbff800000 - 0x00007ffbff9ae000 	C:\Windows\System32\USER32.dll
0x00007ffbfd960000 - 0x00007ffbfd986000 	C:\Windows\System32\win32u.dll
0x00007ffbffcd0000 - 0x00007ffbffcf9000 	C:\Windows\System32\GDI32.dll
0x00007ffbfd730000 - 0x00007ffbfd84b000 	C:\Windows\System32\gdi32full.dll
0x00007ffbfd850000 - 0x00007ffbfd8ea000 	C:\Windows\System32\msvcp_win.dll
0x00007ffbd9280000 - 0x00007ffbd929b000 	C:\Program Files\Java\jdk-17\bin\VCRUNTIME140.dll
0x00007ffbd8ed0000 - 0x00007ffbd9162000 	C:\Windows\WinSxS\amd64_microsoft.windows.common-controls_6595b64144ccf1df_6.0.22621.4391_none_2715d37f73803e96\COMCTL32.dll
0x00007ffbf41f0000 - 0x00007ffbf41fa000 	C:\Windows\SYSTEM32\VERSION.dll
0x00007ffbffd00000 - 0x00007ffbffd31000 	C:\Windows\System32\IMM32.DLL
0x00007ffbc6670000 - 0x00007ffbc678a000 	C:\Program Files\Topaz OFD\Warsaw\wslbscr64.dll
0x00007ffbfeb70000 - 0x00007ffbff3e6000 	C:\Windows\System32\SHELL32.dll
0x00007ffbfc880000 - 0x00007ffbfc8b4000 	C:\Windows\SYSTEM32\ntmarta.dll
0x00007ffb96db0000 - 0x00007ffb96eaa000 	C:\Program Files\Topaz OFD\Warsaw\wslbscrwh64.dll
0x00007ffbd8ec0000 - 0x00007ffbd8ecc000 	C:\Program Files\Java\jdk-17\bin\vcruntime140_1.dll
0x00007ffbd8e30000 - 0x00007ffbd8ebe000 	C:\Program Files\Java\jdk-17\bin\msvcp140.dll
0x00007ffbd7830000 - 0x00007ffbd840f000 	C:\Program Files\Java\jdk-17\bin\server\jvm.dll
0x00007ffbfe630000 - 0x00007ffbfe638000 	C:\Windows\System32\PSAPI.DLL
0x00007ffbdde10000 - 0x00007ffbdde19000 	C:\Windows\SYSTEM32\WSOCK32.dll
0x00007ffbfe640000 - 0x00007ffbfe6b1000 	C:\Windows\System32\WS2_32.dll
0x00007ffbf81c0000 - 0x00007ffbf81f4000 	C:\Windows\SYSTEM32\WINMM.dll
0x00007ffbfc750000 - 0x00007ffbfc768000 	C:\Windows\SYSTEM32\kernel.appcore.dll
0x00007ffbd8da0000 - 0x00007ffbd8daa000 	C:\Program Files\Java\jdk-17\bin\jimage.dll
0x00007ffbf2c50000 - 0x00007ffbf2e82000 	C:\Windows\SYSTEM32\DBGHELP.DLL
0x00007ffc00060000 - 0x00007ffc003ef000 	C:\Windows\System32\combase.dll
0x0000024359c20000 - 0x0000024359cf7000 	C:\Windows\System32\OLEAUT32.dll
0x00007ffbe9b40000 - 0x00007ffbe9b72000 	C:\Windows\SYSTEM32\dbgcore.DLL
0x00007ffbfdd10000 - 0x00007ffbfdd8b000 	C:\Windows\System32\bcryptPrimitives.dll
0x00007ffbd8ce0000 - 0x00007ffbd8d05000 	C:\Program Files\Java\jdk-17\bin\java.dll

dbghelp: loaded successfully - version: 4.0.5 - missing functions: none
symbol engine: initialized successfully - sym options: 0x614 - pdb path: .;C:\Program Files\Java\jdk-17\bin;C:\Windows\SYSTEM32;C:\Windows\WinSxS\amd64_microsoft.windows.common-controls_6595b64144ccf1df_6.0.22621.4391_none_2715d37f73803e96;C:\Program Files\Topaz OFD\Warsaw;C:\Program Files\Java\jdk-17\bin\server

VM Arguments:
jvm_args: -Dclassworlds.conf=C:\Users\caio61\OneDrive\Documentos\apache-maven-3.9.7\bin\m2.conf -Dmaven.home=C:\Users\caio61\OneDrive\Documentos\apache-maven-3.9.7 -Dlibrary.jansi.path=C:\Users\caio61\OneDrive\Documentos\apache-maven-3.9.7\lib\jansi-native -Dmaven.multiModuleProjectDirectory=C:\Users\caio61\Documents\GitHub\simple-crud\backend 
java_command: org.codehaus.plexus.classworlds.launcher.Launcher spring-boot:run
java_class_path (initial): C:\Users\caio61\OneDrive\Documentos\apache-maven-3.9.7\boot\plexus-classworlds-2.8.0.jar
Launcher Type: SUN_STANDARD

[Global flags]
     intx CICompilerCount                          = 4                                         {product} {ergonomic}
     uint ConcGCThreads                            = 2                                         {product} {ergonomic}
     uint G1ConcRefinementThreads                  = 8                                         {product} {ergonomic}
   size_t G1HeapRegionSize                         = 1048576                                   {product} {ergonomic}
    uintx GCDrainStackTargetSize                   = 64                                        {product} {ergonomic}
   size_t InitialHeapSize                          = 96468992                                  {product} {ergonomic}
   size_t MarkStackSize                            = 4194304                                   {product} {ergonomic}
   size_t MaxHeapSize                              = 1541406720                                {product} {ergonomic}
   size_t MinHeapDeltaBytes                        = 1048576                                   {product} {ergonomic}
   size_t MinHeapSize                              = 8388608                                   {product} {ergonomic}
    uintx NonNMethodCodeHeapSize                   = 5839372                                {pd product} {ergonomic}
    uintx NonProfiledCodeHeapSize                  = 122909434                              {pd product} {ergonomic}
    uintx ProfiledCodeHeapSize                     = 122909434                              {pd product} {ergonomic}
    uintx ReservedCodeCacheSize                    = 251658240                              {pd product} {ergonomic}
     bool SegmentedCodeCache                       = true                                      {product} {ergonomic}
   size_t SoftMaxHeapSize                          = 1541406720                             {manageable} {ergonomic}
     bool UseCompressedClassPointers               = true                           {product lp64_product} {ergonomic}
     bool UseCompressedOops                        = true                           {product lp64_product} {ergonomic}
     bool UseG1GC                                  = true                                      {product} {ergonomic}
     bool UseLargePagesIndividualAllocation        = false                                  {pd product} {ergonomic}

Logging:
Log output configuration:
 #0: stdout all=warning uptime,level,tags
 #1: stderr all=off uptime,level,tags

Environment Variables:
JAVA_HOME=C:\Program Files\Java\jdk-17
PATH=C:\app\caio61\product\21c\dbhomeXE\bin;C:\Program Files\Java\jdk-17\bin;C:\Program Files\Common Files\Oracle\Java\javapath;C:\Windows\system32;C:\Windows;C:\Windows\System32\Wbem;C:\Windows\System32\WindowsPowerShell\v1.0\;C:\Windows\System32\OpenSSH\;C:\Users\caio61\AppData\Roaming\nvm;C:\Program Files\nodejs;C:\Program Files\Git\cmd;C:\Users\caio61\OneDrive\Documentos\apache-maven-3.9.7\apache-maven-3.9.7\bin;C:\Program Files\Docker\Docker\resources\bin;C:\Users\caio61\OneDrive\Documentos\apache-maven-3.9.7\bin;C:\Users\caio61\Downloads\php;C:\Program Files\Amazon\AWSCLIV2\;C:\Program Files\terraform\terraform_1.9.8_windows_amd64;C:\Program Files\MySQL\MySQL Shell 8.0\bin\;C:\Users\caio61\AppData\Local\Programs\Python\Python311\Scripts\;C:\Users\caio61\AppData\Local\Programs\Python\Python311\;C:\Users\caio61\AppData\Local\Programs\Python\Launcher\;C:\Users\caio61\AppData\Local\Microsoft\WindowsApps;C:\Users\caio61\AppData\Roaming\nvm;C:\Program Files\nodejs;C:\Users\caio61\AppData\Local\Programs\Microsoft VS Code\bin;C:\Users\caio61\AppData\Local\GitHubDesktop\bin;C:\MinGW\bin;
USERNAME=caio61
OS=Windows_NT
PROCESSOR_IDENTIFIER=AMD64 Family 23 Model 160 Stepping 0, AuthenticAMD



---------------  S Y S T E M  ---------------

OS:
 Windows 11 , 64 bit Build 22621 (10.0.22621.4391)
OS uptime: 4 days 8:08 hours
Hyper-V role detected

CPU: total 8 (initial active 8) (8 cores per cpu, 2 threads per core) family 23 model 160 stepping 0 microcode 0x0, cx8, cmov, fxsr, ht, mmx, 3dnowpref, sse, sse2, sse3, ssse3, sse4a, sse4.1, sse4.2, popcnt, lzcnt, tsc, tscinvbit, avx, avx2, aes, clmul, bmi1, bmi2, adx, sha, fma, vzeroupper, clflush, clflushopt, hv

Memory: 4k page, system-wide physical 5877M (354M free)
TotalPageFile size 24309M (AvailPageFile size 50M)
current process WorkingSet (physical memory assigned to process): 14M, peak: 14M
current process commit charge ("private bytes"): 61M, peak: 153M

vm_info: Java HotSpot(TM) 64-Bit Server VM (17.0.10+11-LTS-240) for windows-amd64 JRE (17.0.10+11-LTS-240), built on Dec 19 2023 21:47:25 by "mach5one" with MS VC++ 17.1 (VS2022)

END.
